2022-11-02 16:23:44,378 : INFO : __main__ : model LogisticRegression(max_iter=500) started to train
2022-11-02 16:23:44,408 : INFO : __main__ : model LogisticRegression(max_iter=500) saved as pickle
2022-11-02 16:27:36,436 : INFO : __main__ : model LogisticRegression(max_iter=500) started to train
2022-11-02 16:27:36,465 : INFO : __main__ : model LogisticRegression(max_iter=500) saved as pickle
2022-11-02 16:27:49,231 : INFO : __main__ : model LogisticRegression(max_iter=500) started to train
2022-11-02 16:27:49,236 : ERROR : __main__ : Found input variables with inconsistent numbers of samples: [200, 2]
Traceback (most recent call last):
  File "train_model.py", line 12, in train
    model.fit(X_train, y_train)
  File "/home/bgainitdinov/MADE_lectures/MLops/heart_desease_classification/venv/lib/python3.8/site-packages/sklearn/linear_model/_logistic.py", line 1138, in fit
    X, y = self._validate_data(
  File "/home/bgainitdinov/MADE_lectures/MLops/heart_desease_classification/venv/lib/python3.8/site-packages/sklearn/base.py", line 596, in _validate_data
    X, y = check_X_y(X, y, **check_params)
  File "/home/bgainitdinov/MADE_lectures/MLops/heart_desease_classification/venv/lib/python3.8/site-packages/sklearn/utils/validation.py", line 1092, in check_X_y
    check_consistent_length(X, y)
  File "/home/bgainitdinov/MADE_lectures/MLops/heart_desease_classification/venv/lib/python3.8/site-packages/sklearn/utils/validation.py", line 387, in check_consistent_length
    raise ValueError(
ValueError: Found input variables with inconsistent numbers of samples: [200, 2]
2022-11-02 16:27:49,240 : INFO : __main__ : model LogisticRegression(max_iter=500) saved as pickle
2022-11-02 16:28:55,725 : INFO : __main__ : model LogisticRegression(max_iter=500) started to train
2022-11-02 16:28:55,730 : ERROR : __main__ : model has not trained
2022-11-02 16:28:55,730 : ERROR : __main__ : Found input variables with inconsistent numbers of samples: [200, 2]
Traceback (most recent call last):
  File "train_model.py", line 12, in train
    model.fit(X_train, y_train)
  File "/home/bgainitdinov/MADE_lectures/MLops/heart_desease_classification/venv/lib/python3.8/site-packages/sklearn/linear_model/_logistic.py", line 1138, in fit
    X, y = self._validate_data(
  File "/home/bgainitdinov/MADE_lectures/MLops/heart_desease_classification/venv/lib/python3.8/site-packages/sklearn/base.py", line 596, in _validate_data
    X, y = check_X_y(X, y, **check_params)
  File "/home/bgainitdinov/MADE_lectures/MLops/heart_desease_classification/venv/lib/python3.8/site-packages/sklearn/utils/validation.py", line 1092, in check_X_y
    check_consistent_length(X, y)
  File "/home/bgainitdinov/MADE_lectures/MLops/heart_desease_classification/venv/lib/python3.8/site-packages/sklearn/utils/validation.py", line 387, in check_consistent_length
    raise ValueError(
ValueError: Found input variables with inconsistent numbers of samples: [200, 2]
2022-11-02 16:28:55,731 : INFO : __main__ : model LogisticRegression(max_iter=500) saved as pickle
2022-11-02 16:29:25,143 : INFO : __main__ : model LogisticRegression(max_iter=500) started to train
2022-11-02 16:29:25,173 : INFO : __main__ : model LogisticRegression(max_iter=500) saved as pickle
2022-11-02 21:35:45,927 : INFO : __main__ : model LogisticRegression(max_iter=500) started to train
2022-11-02 21:35:45,973 : INFO : __main__ : model LogisticRegression(max_iter=500) saved as pickle
2022-11-02 21:53:52,186 : INFO : test_feature_predict_train : model LogisticRegression(max_iter=500) started to train
2022-11-02 21:54:35,207 : INFO : test_feature_predict_train : model LogisticRegression(max_iter=500) started to train
2022-11-02 21:59:18,904 : INFO : test_feature_predict_train : model LogisticRegression(max_iter=500) started to train
2022-11-02 21:59:18,929 : INFO : test_feature_predict_train : model LogisticRegression(max_iter=500) saved as pickle
2022-11-02 22:00:37,588 : INFO : test_feature_predict_train : model LogisticRegression(max_iter=500) started to train
2022-11-02 22:00:37,622 : INFO : test_feature_predict_train : model LogisticRegression(max_iter=500) saved as pickle
2022-11-02 22:00:37,627 : INFO : test_feature_predict_train : model successfuly loaded for prediction
2022-11-02 22:00:37,628 : INFO : test_feature_predict_train : model predicted test values
2022-11-02 22:01:17,531 : INFO : test_feature_predict_train : model LogisticRegression(max_iter=500) started to train
2022-11-02 22:01:17,556 : INFO : test_feature_predict_train : model LogisticRegression(max_iter=500) saved as pickle
2022-11-02 22:01:17,560 : INFO : test_feature_predict_train : model successfuly loaded for prediction
2022-11-02 22:01:17,561 : INFO : test_feature_predict_train : model predicted test values
2022-11-02 22:01:17,565 : INFO : test_feature_predict_train : model LogisticRegression(max_iter=500) started to train
2022-11-02 22:01:17,565 : INFO : test_feature_predict_train : model LogisticRegression(max_iter=500) started to train
2022-11-02 22:01:17,594 : INFO : test_feature_predict_train : model LogisticRegression(max_iter=500) saved as pickle
2022-11-02 22:01:17,594 : INFO : test_feature_predict_train : model LogisticRegression(max_iter=500) saved as pickle
2022-11-02 22:04:16,287 : INFO : test_feature_predict_train : model LogisticRegression(max_iter=500) started to train
2022-11-02 22:04:16,311 : INFO : test_feature_predict_train : model LogisticRegression(max_iter=500) saved as pickle
2022-11-02 22:04:16,314 : INFO : test_feature_predict_train : model successfuly loaded for prediction
2022-11-02 22:04:16,315 : INFO : test_feature_predict_train : model predicted test values
2022-11-02 22:04:16,319 : INFO : test_feature_predict_train : model LogisticRegression(max_iter=500) started to train
2022-11-02 22:04:16,319 : INFO : test_feature_predict_train : model LogisticRegression(max_iter=500) started to train
2022-11-02 22:04:16,348 : INFO : test_feature_predict_train : model LogisticRegression(max_iter=500) saved as pickle
2022-11-02 22:04:16,348 : INFO : test_feature_predict_train : model LogisticRegression(max_iter=500) saved as pickle
2022-11-02 22:04:37,968 : INFO : test_feature_predict_train : model LogisticRegression(max_iter=500) started to train
2022-11-02 22:04:37,999 : INFO : test_feature_predict_train : model LogisticRegression(max_iter=500) saved as pickle
2022-11-02 22:04:38,003 : INFO : test_feature_predict_train : model successfuly loaded for prediction
2022-11-02 22:04:38,005 : INFO : test_feature_predict_train : model predicted test values
2022-11-02 22:04:38,009 : INFO : test_feature_predict_train : model LogisticRegression(max_iter=500) started to train
2022-11-02 22:04:38,009 : INFO : test_feature_predict_train : model LogisticRegression(max_iter=500) started to train
2022-11-02 22:04:38,039 : INFO : test_feature_predict_train : model LogisticRegression(max_iter=500) saved as pickle
2022-11-02 22:04:38,039 : INFO : test_feature_predict_train : model LogisticRegression(max_iter=500) saved as pickle
2022-11-02 22:04:38,042 : INFO : test_feature_predict_train : model successfuly loaded for prediction
2022-11-02 22:04:38,042 : INFO : test_feature_predict_train : model successfuly loaded for prediction
2022-11-02 22:04:38,044 : INFO : test_feature_predict_train : model predicted test values
2022-11-02 22:04:38,044 : INFO : test_feature_predict_train : model predicted test values
2022-11-02 22:04:44,604 : INFO : test_feature_predict_train : model LogisticRegression(max_iter=500) started to train
2022-11-02 22:04:44,630 : INFO : test_feature_predict_train : model LogisticRegression(max_iter=500) saved as pickle
2022-11-02 22:04:44,633 : INFO : test_feature_predict_train : model successfuly loaded for prediction
2022-11-02 22:04:44,634 : INFO : test_feature_predict_train : model predicted test values
2022-11-02 22:04:44,638 : INFO : test_feature_predict_train : model LogisticRegression(max_iter=500) started to train
2022-11-02 22:04:44,638 : INFO : test_feature_predict_train : model LogisticRegression(max_iter=500) started to train
2022-11-02 22:04:44,668 : INFO : test_feature_predict_train : model LogisticRegression(max_iter=500) saved as pickle
2022-11-02 22:04:44,668 : INFO : test_feature_predict_train : model LogisticRegression(max_iter=500) saved as pickle
2022-11-02 22:04:44,671 : INFO : test_feature_predict_train : model successfuly loaded for prediction
2022-11-02 22:04:44,671 : INFO : test_feature_predict_train : model successfuly loaded for prediction
2022-11-02 22:04:44,672 : INFO : test_feature_predict_train : model predicted test values
2022-11-02 22:04:44,672 : INFO : test_feature_predict_train : model predicted test values
2022-11-05 23:19:18,486 : INFO : test_feature_predict_train : model LogisticRegression(max_iter=500) started to train
2022-11-05 23:19:18,507 : INFO : test_feature_predict_train : model LogisticRegression(max_iter=500) saved as pickle
2022-11-05 23:19:18,511 : INFO : test_feature_predict_train : model successfuly loaded for prediction
2022-11-05 23:19:18,513 : INFO : test_feature_predict_train : model predicted test values
2022-11-05 23:19:18,518 : INFO : test_feature_predict_train : model LogisticRegression(max_iter=500) started to train
2022-11-05 23:19:18,518 : INFO : test_feature_predict_train : model LogisticRegression(max_iter=500) started to train
2022-11-05 23:19:18,565 : INFO : test_feature_predict_train : model LogisticRegression(max_iter=500) saved as pickle
2022-11-05 23:19:18,565 : INFO : test_feature_predict_train : model LogisticRegression(max_iter=500) saved as pickle
2022-11-05 23:19:18,571 : INFO : test_feature_predict_train : model successfuly loaded for prediction
2022-11-05 23:19:18,571 : INFO : test_feature_predict_train : model successfuly loaded for prediction
2022-11-05 23:19:18,574 : INFO : test_feature_predict_train : model predicted test values
2022-11-05 23:19:18,574 : INFO : test_feature_predict_train : model predicted test values
2022-11-06 00:31:39,731 : INFO : __main__ : model LogisticRegression(max_iter=500) started to train
2022-11-06 00:31:39,750 : INFO : __main__ : model LogisticRegression(max_iter=500) saved as pickle
2022-11-06 00:31:51,609 : INFO : __main__ : model LogisticRegression(max_iter=500) started to train
2022-11-06 00:31:51,628 : INFO : __main__ : model LogisticRegression(max_iter=500) saved as pickle
2022-11-06 00:39:07,628 : INFO : test_feature_predict_train : model LogisticRegression(max_iter=500) started to train
2022-11-06 00:39:07,648 : INFO : test_feature_predict_train : model LogisticRegression(max_iter=500) saved as pickle
2022-11-06 00:39:07,652 : INFO : test_feature_predict_train : model successfuly loaded for prediction
2022-11-06 00:39:07,653 : INFO : test_feature_predict_train : model predicted test values
2022-11-06 00:39:07,657 : INFO : test_feature_predict_train : model LogisticRegression(max_iter=500) started to train
2022-11-06 00:39:07,657 : INFO : test_feature_predict_train : model LogisticRegression(max_iter=500) started to train
2022-11-06 00:39:07,702 : INFO : test_feature_predict_train : model LogisticRegression(max_iter=500) saved as pickle
2022-11-06 00:39:07,702 : INFO : test_feature_predict_train : model LogisticRegression(max_iter=500) saved as pickle
2022-11-06 00:39:07,706 : INFO : test_feature_predict_train : model successfuly loaded for prediction
2022-11-06 00:39:07,706 : INFO : test_feature_predict_train : model successfuly loaded for prediction
2022-11-06 00:39:07,707 : INFO : test_feature_predict_train : model predicted test values
2022-11-06 00:39:07,707 : INFO : test_feature_predict_train : model predicted test values
2022-11-06 01:12:12,728 : INFO : __main__ : model KNeighborsClassifier(leaf_size=15, n_jobs=1) started to train
2022-11-06 01:12:12,730 : INFO : __main__ : model KNeighborsClassifier(leaf_size=15, n_jobs=1) saved as pickle
2022-11-06 01:26:40,250 : INFO : test_feature_predict_train : model LogisticRegression(max_iter=500) started to train
2022-11-06 01:26:40,268 : INFO : test_feature_predict_train : model LogisticRegression(max_iter=500) saved as pickle
2022-11-06 01:26:40,272 : INFO : test_feature_predict_train : model successfuly loaded for prediction
2022-11-06 01:26:40,274 : INFO : test_feature_predict_train : model predicted test values
2022-11-06 01:26:40,278 : INFO : test_feature_predict_train : model LogisticRegression(max_iter=500) started to train
2022-11-06 01:26:40,278 : INFO : test_feature_predict_train : model LogisticRegression(max_iter=500) started to train
2022-11-06 01:26:40,322 : INFO : test_feature_predict_train : model LogisticRegression(max_iter=500) saved as pickle
2022-11-06 01:26:40,322 : INFO : test_feature_predict_train : model LogisticRegression(max_iter=500) saved as pickle
2022-11-06 01:26:40,326 : INFO : test_feature_predict_train : model successfuly loaded for prediction
2022-11-06 01:26:40,326 : INFO : test_feature_predict_train : model successfuly loaded for prediction
2022-11-06 01:26:40,327 : INFO : test_feature_predict_train : model predicted test values
2022-11-06 01:26:40,327 : INFO : test_feature_predict_train : model predicted test values
2022-11-06 15:52:08,977 : INFO : __main__ : model KNeighborsClassifier(leaf_size=15, n_jobs=1) started to train
2022-11-06 15:52:08,981 : INFO : __main__ : model KNeighborsClassifier(leaf_size=15, n_jobs=1) saved as pickle
2022-11-06 15:56:23,270 : INFO : __main__ : model LogisticRegression(max_iter=500) started to train
2022-11-06 15:56:23,303 : INFO : __main__ : model LogisticRegression(max_iter=500) saved as pickle
2022-11-06 20:39:28,409 : INFO : test_feature_predict_train : model LogisticRegression(max_iter=500) started to train
2022-11-06 20:39:28,456 : INFO : test_feature_predict_train : model LogisticRegression(max_iter=500) saved as pickle
2022-11-06 20:39:28,464 : INFO : test_feature_predict_train : model successfuly loaded for prediction
2022-11-06 20:39:28,466 : INFO : test_feature_predict_train : model predicted test values
2022-11-06 20:39:28,473 : INFO : test_feature_predict_train : model LogisticRegression(max_iter=500) started to train
2022-11-06 20:39:28,473 : INFO : test_feature_predict_train : model LogisticRegression(max_iter=500) started to train
2022-11-06 20:39:28,579 : INFO : test_feature_predict_train : model LogisticRegression(max_iter=500) saved as pickle
2022-11-06 20:39:28,579 : INFO : test_feature_predict_train : model LogisticRegression(max_iter=500) saved as pickle
2022-11-06 20:39:28,586 : INFO : test_feature_predict_train : model successfuly loaded for prediction
2022-11-06 20:39:28,586 : INFO : test_feature_predict_train : model successfuly loaded for prediction
2022-11-06 20:39:28,588 : INFO : test_feature_predict_train : model predicted test values
2022-11-06 20:39:28,588 : INFO : test_feature_predict_train : model predicted test values
