2022-11-02 16:49:19,827 : INFO : __main__ : model successfuly loaded for prediction
2022-11-02 16:49:19,829 : ERROR : __main__ : shapes are not the same
2022-11-02 16:49:19,829 : ERROR : __main__ : 
Traceback (most recent call last):
  File "predict_model.py", line 16, in predict
    assert y_pred.shape == y_test.shape
AssertionError
2022-11-02 16:49:30,051 : INFO : __main__ : model successfuly loaded for prediction
2022-11-02 16:49:30,053 : INFO : __main__ : model predicted test values
2022-11-02 21:38:56,893 : INFO : __main__ : model successfuly loaded for prediction
2022-11-02 21:38:56,895 : INFO : __main__ : model predicted test values
2022-11-02 22:00:37,627 : INFO : test_feature_predict_train : model successfuly loaded for prediction
2022-11-02 22:00:37,628 : INFO : test_feature_predict_train : model predicted test values
2022-11-02 22:01:17,560 : INFO : test_feature_predict_train : model successfuly loaded for prediction
2022-11-02 22:01:17,561 : INFO : test_feature_predict_train : model predicted test values
2022-11-02 22:01:17,565 : INFO : test_feature_predict_train : model LogisticRegression(max_iter=500) started to train
2022-11-02 22:01:17,594 : INFO : test_feature_predict_train : model LogisticRegression(max_iter=500) saved as pickle
2022-11-02 22:04:16,314 : INFO : test_feature_predict_train : model successfuly loaded for prediction
2022-11-02 22:04:16,315 : INFO : test_feature_predict_train : model predicted test values
2022-11-02 22:04:16,319 : INFO : test_feature_predict_train : model LogisticRegression(max_iter=500) started to train
2022-11-02 22:04:16,348 : INFO : test_feature_predict_train : model LogisticRegression(max_iter=500) saved as pickle
2022-11-02 22:04:38,003 : INFO : test_feature_predict_train : model successfuly loaded for prediction
2022-11-02 22:04:38,005 : INFO : test_feature_predict_train : model predicted test values
2022-11-02 22:04:38,009 : INFO : test_feature_predict_train : model LogisticRegression(max_iter=500) started to train
2022-11-02 22:04:38,039 : INFO : test_feature_predict_train : model LogisticRegression(max_iter=500) saved as pickle
2022-11-02 22:04:38,042 : INFO : test_feature_predict_train : model successfuly loaded for prediction
2022-11-02 22:04:38,042 : INFO : test_feature_predict_train : model successfuly loaded for prediction
2022-11-02 22:04:38,044 : INFO : test_feature_predict_train : model predicted test values
2022-11-02 22:04:38,044 : INFO : test_feature_predict_train : model predicted test values
2022-11-02 22:04:44,633 : INFO : test_feature_predict_train : model successfuly loaded for prediction
2022-11-02 22:04:44,634 : INFO : test_feature_predict_train : model predicted test values
2022-11-02 22:04:44,638 : INFO : test_feature_predict_train : model LogisticRegression(max_iter=500) started to train
2022-11-02 22:04:44,668 : INFO : test_feature_predict_train : model LogisticRegression(max_iter=500) saved as pickle
2022-11-02 22:04:44,671 : INFO : test_feature_predict_train : model successfuly loaded for prediction
2022-11-02 22:04:44,671 : INFO : test_feature_predict_train : model successfuly loaded for prediction
2022-11-02 22:04:44,672 : INFO : test_feature_predict_train : model predicted test values
2022-11-02 22:04:44,672 : INFO : test_feature_predict_train : model predicted test values
2022-11-05 23:19:18,511 : INFO : test_feature_predict_train : model successfuly loaded for prediction
2022-11-05 23:19:18,513 : INFO : test_feature_predict_train : model predicted test values
2022-11-05 23:19:18,518 : INFO : test_feature_predict_train : model LogisticRegression(max_iter=500) started to train
2022-11-05 23:19:18,565 : INFO : test_feature_predict_train : model LogisticRegression(max_iter=500) saved as pickle
2022-11-05 23:19:18,571 : INFO : test_feature_predict_train : model successfuly loaded for prediction
2022-11-05 23:19:18,571 : INFO : test_feature_predict_train : model successfuly loaded for prediction
2022-11-05 23:19:18,574 : INFO : test_feature_predict_train : model predicted test values
2022-11-05 23:19:18,574 : INFO : test_feature_predict_train : model predicted test values
2022-11-06 00:28:44,318 : INFO : __main__ : model successfuly loaded for prediction
2022-11-06 00:30:21,674 : INFO : __main__ : model successfuly loaded for prediction
2022-11-06 00:31:41,878 : INFO : __main__ : model successfuly loaded for prediction
2022-11-06 00:31:41,880 : INFO : __main__ : model predicted test values
2022-11-06 00:31:53,219 : INFO : __main__ : model successfuly loaded for prediction
2022-11-06 00:31:53,221 : INFO : __main__ : model predicted test values
2022-11-06 00:39:07,652 : INFO : test_feature_predict_train : model successfuly loaded for prediction
2022-11-06 00:39:07,653 : INFO : test_feature_predict_train : model predicted test values
2022-11-06 00:39:07,657 : INFO : test_feature_predict_train : model LogisticRegression(max_iter=500) started to train
2022-11-06 00:39:07,702 : INFO : test_feature_predict_train : model LogisticRegression(max_iter=500) saved as pickle
2022-11-06 00:39:07,706 : INFO : test_feature_predict_train : model successfuly loaded for prediction
2022-11-06 00:39:07,706 : INFO : test_feature_predict_train : model successfuly loaded for prediction
2022-11-06 00:39:07,707 : INFO : test_feature_predict_train : model predicted test values
2022-11-06 00:39:07,707 : INFO : test_feature_predict_train : model predicted test values
2022-11-06 01:25:42,805 : INFO : __main__ : model successfuly loaded for prediction
2022-11-06 01:25:42,845 : INFO : __main__ : model predicted test values
2022-11-06 01:26:40,272 : INFO : test_feature_predict_train : model successfuly loaded for prediction
2022-11-06 01:26:40,274 : INFO : test_feature_predict_train : model predicted test values
2022-11-06 01:26:40,278 : INFO : test_feature_predict_train : model LogisticRegression(max_iter=500) started to train
2022-11-06 01:26:40,322 : INFO : test_feature_predict_train : model LogisticRegression(max_iter=500) saved as pickle
2022-11-06 01:26:40,326 : INFO : test_feature_predict_train : model successfuly loaded for prediction
2022-11-06 01:26:40,326 : INFO : test_feature_predict_train : model successfuly loaded for prediction
2022-11-06 01:26:40,327 : INFO : test_feature_predict_train : model predicted test values
2022-11-06 01:26:40,327 : INFO : test_feature_predict_train : model predicted test values
2022-11-06 15:52:02,150 : INFO : __main__ : model successfuly loaded for prediction
2022-11-06 15:52:11,348 : INFO : __main__ : model successfuly loaded for prediction
2022-11-06 15:52:11,411 : INFO : __main__ : model predicted test values
2022-11-06 15:52:30,333 : INFO : __main__ : model successfuly loaded for prediction
2022-11-06 15:52:30,445 : INFO : __main__ : model predicted test values
2022-11-06 15:55:09,488 : INFO : __main__ : model successfuly loaded for prediction
2022-11-06 15:55:09,552 : INFO : __main__ : model predicted test values
2022-11-06 15:56:25,892 : INFO : __main__ : model successfuly loaded for prediction
2022-11-06 15:56:25,895 : INFO : __main__ : model predicted test values
2022-11-06 20:39:28,464 : INFO : test_feature_predict_train : model successfuly loaded for prediction
2022-11-06 20:39:28,466 : INFO : test_feature_predict_train : model predicted test values
2022-11-06 20:39:28,473 : INFO : test_feature_predict_train : model LogisticRegression(max_iter=500) started to train
2022-11-06 20:39:28,579 : INFO : test_feature_predict_train : model LogisticRegression(max_iter=500) saved as pickle
2022-11-06 20:39:28,586 : INFO : test_feature_predict_train : model successfuly loaded for prediction
2022-11-06 20:39:28,586 : INFO : test_feature_predict_train : model successfuly loaded for prediction
2022-11-06 20:39:28,588 : INFO : test_feature_predict_train : model predicted test values
2022-11-06 20:39:28,588 : INFO : test_feature_predict_train : model predicted test values
